-------------------------------------------------------------------------------
Test set: TestSuite
-------------------------------------------------------------------------------
Tests run: 2, Failures: 1, Errors: 0, Skipped: 0, Time elapsed: 48.587 s <<< FAILURE! - in TestSuite
TestToFail(TestNGListeners.TestCases)  Time elapsed: 0.013 s  <<< FAILURE!
java.lang.AssertionError: expected [true] but found [false]
	at TestNGListeners.TestCases.TestToFail(TestCases.java:41)

